<?xml version="1.0" encoding="UTF-8"?>
<testng-results skipped="0" failed="0" ignored="0" total="1" passed="1">
  <reporter-output>
  </reporter-output>
  <suite name="Suite" duration-ms="10271" started-at="2018-02-25T03:45:21Z" finished-at="2018-02-25T03:45:31Z">
    <groups>
    </groups>
    <test name="Test" duration-ms="10271" started-at="2018-02-25T03:45:21Z" finished-at="2018-02-25T03:45:31Z">
      <class name="com.testcases.Browserlaunch">
        <test-method status="PASS" signature="launchBrowser()[pri:0, instance:com.testcases.Browserlaunch@224edc67]" name="launchBrowser" duration-ms="10237" started-at="2018-02-25T03:45:21Z" finished-at="2018-02-25T03:45:31Z">
          <reporter-output>
          </reporter-output>
        </test-method> <!-- launchBrowser -->
      </class> <!-- com.testcases.Browserlaunch -->
    </test> <!-- Test -->
  </suite> <!-- Suite -->
</testng-results>
